2023-12-23 10:41:26 :: INFO :: Данные о количестве вакансий в компаниях (ТОП-10) получены успешно
2023-12-23 10:41:26 :: INFO :: Данные обо всех вакансиях получены успешно
2023-12-23 10:41:27 :: INFO :: Данные о средней заработной плате (от и до)
2023-12-23 10:41:27 :: INFO :: Данные о средней заработной плате (от и до)
2023-12-23 10:41:34 :: INFO :: Данные о вакансиях с зарплатой по ключевому слову получены успешно
2023-12-23 10:41:39 :: INFO :: Выведено на экран 5 вакансий
2023-12-23 10:41:51 :: INFO :: Данные о количестве вакансий в компаниях (ТОП-10) получены успешно
2023-12-23 10:41:51 :: INFO :: Данные обо всех вакансиях получены успешно
2023-12-23 10:41:52 :: INFO :: Данные о средней заработной плате (от и до)
2023-12-23 10:41:52 :: INFO :: Данные о средней заработной плате (от и до)
2023-12-23 10:41:58 :: INFO :: Данные о вакансиях с зарплатой по ключевому слову получены успешно
2023-12-23 10:42:06 :: INFO :: Выведено на экран 1 вакансия
2023-12-23 10:42:42 :: INFO :: Данные о количестве вакансий в компаниях (ТОП-10) получены успешно
2023-12-23 10:42:42 :: INFO :: Данные обо всех вакансиях получены успешно
2023-12-23 10:42:43 :: INFO :: Данные о средней заработной плате (от и до)
2023-12-23 10:42:43 :: INFO :: Данные о средней заработной плате (от и до)
2023-12-23 10:42:50 :: INFO :: Данные о вакансиях с зарплатой по ключевому слову получены успешно
2023-12-23 10:42:53 :: INFO :: Выведено на экран 3 вакансии
2023-12-23 10:44:30 :: INFO :: Данные о количестве вакансий в компаниях (ТОП-10) получены успешно
2023-12-23 10:44:30 :: INFO :: Данные обо всех вакансиях получены успешно
2023-12-23 10:44:31 :: INFO :: Данные о средней заработной плате (от и до)
2023-12-23 10:44:31 :: INFO :: Данные о средней заработной плате (от и до)
2023-12-23 10:44:35 :: INFO :: Данные о вакансиях с зарплатой по ключевому слову получены успешно
2023-12-23 10:44:36 :: INFO :: Выведено на экран 5 вакансий
2023-12-23 10:45:10 :: INFO :: Данные о количестве вакансий в компаниях (ТОП-10) получены успешно
2023-12-23 10:45:10 :: INFO :: Данные обо всех вакансиях получены успешно
2023-12-23 10:45:10 :: INFO :: Данные о средней заработной плате (от и до)
2023-12-23 10:45:10 :: INFO :: Данные о средней заработной плате (от и до)
2023-12-23 10:45:23 :: INFO :: Данные о вакансиях с зарплатой по ключевому слову получены успешно
2023-12-23 10:45:25 :: INFO :: Выведено на экран 1 вакансия
